<?xml version="1.0" encoding="UTF-8"?>
<testsuite name="pe.roalwh.exSpringBoot.ExSpringBootApplicationTests" tests="1" skipped="0" failures="0" errors="0" timestamp="2023-07-31T07:43:20" hostname="ROALWHWORK" time="0.152">
  <properties/>
  <testcase name="contextLoads()" classname="pe.roalwh.exSpringBoot.ExSpringBootApplicationTests" time="0.152"/>
  <system-out><![CDATA[16:43:16.406 [Test worker] DEBUG org.springframework.boot.test.context.SpringBootTestContextBootstrapper -- Neither @ContextConfiguration nor @ContextHierarchy found for test class [ExSpringBootApplicationTests]: using SpringBootContextLoader
16:43:16.410 [Test worker] DEBUG org.springframework.test.context.support.AbstractContextLoader -- Could not detect default resource locations for test class [pe.roalwh.exSpringBoot.ExSpringBootApplicationTests]: no resource found for suffixes {-context.xml, Context.groovy}.
16:43:16.410 [Test worker] INFO org.springframework.test.context.support.AnnotationConfigContextLoaderUtils -- Could not detect default configuration classes for test class [pe.roalwh.exSpringBoot.ExSpringBootApplicationTests]: ExSpringBootApplicationTests does not declare any static, non-private, non-final, nested classes annotated with @Configuration.
16:43:16.431 [Test worker] DEBUG org.springframework.boot.test.context.SpringBootTestContextBootstrapper -- Using ContextCustomizers for test class [ExSpringBootApplicationTests]: [DisableObservabilityContextCustomizer, PropertyMappingContextCustomizer, Customizer, ExcludeFilterContextCustomizer, DuplicateJsonObjectContextCustomizer, MockitoContextCustomizer, TestRestTemplateContextCustomizer]
16:43:16.502 [Test worker] DEBUG org.springframework.context.annotation.ClassPathScanningCandidateComponentProvider -- Identified candidate component class: file [D:\work\ExSpringBoot\build\classes\java\main\pe\roalwh\exSpringBoot\ExSpringBootApplication.class]
16:43:16.503 [Test worker] INFO org.springframework.boot.test.context.SpringBootTestContextBootstrapper -- Found @SpringBootConfiguration pe.roalwh.exSpringBoot.ExSpringBootApplication for test class pe.roalwh.exSpringBoot.ExSpringBootApplicationTests
16:43:16.599 [Test worker] DEBUG org.springframework.test.context.util.TestContextSpringFactoriesUtils -- Skipping candidate TestExecutionListener [org.springframework.test.context.observation.MicrometerObservationRegistryTestExecutionListener] due to a missing dependency. Specify custom TestExecutionListener classes or make the default TestExecutionListener classes and their required dependencies available. Offending class: io.micrometer.context.ThreadLocalAccessor. MicrometerObservationRegistryTestExecutionListener requires io.micrometer:micrometer-observation:1.10.8 or higher and io.micrometer:context-propagation:1.0.3 or higher.
16:43:16.610 [Test worker] DEBUG org.springframework.boot.test.context.SpringBootTestContextBootstrapper -- Using TestExecutionListeners for test class [ExSpringBootApplicationTests]: [ServletTestExecutionListener, DirtiesContextBeforeModesTestExecutionListener, ApplicationEventsTestExecutionListener, MockitoTestExecutionListener, DependencyInjectionTestExecutionListener, DirtiesContextTestExecutionListener, TransactionalTestExecutionListener, SqlScriptsTestExecutionListener, WithSecurityContextTestExecutionListener, EventPublishingTestExecutionListener, ReactorContextTestExecutionListener, RestDocsTestExecutionListener, MockRestServiceServerResetTestExecutionListener, MockMvcPrintOnlyOnFailureTestExecutionListener, WebDriverTestExecutionListener, MockWebServiceServerTestExecutionListener, ResetMocksTestExecutionListener]
16:43:16.611 [Test worker] DEBUG org.springframework.test.context.support.DirtiesContextBeforeModesTestExecutionListener -- Before test class: class [ExSpringBootApplicationTests], class annotated with @DirtiesContext [false] with mode [null]

  .   ____          _            __ _ _
 /\\ / ___'_ __ _ _(_)_ __  __ _ \ \ \ \
( ( )\___ | '_ | '_| | '_ \/ _` | \ \ \ \
 \\/  ___)| |_)| | | | | || (_| |  ) ) ) )
  '  |____| .__|_| |_|_| |_\__, | / / / /
 =========|_|==============|___/=/_/_/_/
 :: Spring Boot ::      (v3.0.10-SNAPSHOT)

2023-07-31T16:43:16.890+09:00  INFO 21612 --- [    Test worker] p.r.e.ExSpringBootApplicationTests       : Starting ExSpringBootApplicationTests using Java 17.0.6 with PID 21612 (started by nmnmn in D:\work\ExSpringBoot)
2023-07-31T16:43:16.891+09:00  INFO 21612 --- [    Test worker] p.r.e.ExSpringBootApplicationTests       : No active profile set, falling back to 1 default profile: "default"
2023-07-31T16:43:17.489+09:00  INFO 21612 --- [    Test worker] .s.d.r.c.RepositoryConfigurationDelegate : Bootstrapping Spring Data JPA repositories in DEFAULT mode.
2023-07-31T16:43:17.544+09:00  INFO 21612 --- [    Test worker] .s.d.r.c.RepositoryConfigurationDelegate : Finished Spring Data repository scanning in 47 ms. Found 1 JPA repository interfaces.
2023-07-31T16:43:17.940+09:00  INFO 21612 --- [    Test worker] o.hibernate.jpa.internal.util.LogHelper  : HHH000204: Processing PersistenceUnitInfo [name: default]
2023-07-31T16:43:17.985+09:00  INFO 21612 --- [    Test worker] org.hibernate.Version                    : HHH000412: Hibernate ORM core version 6.1.7.Final
2023-07-31T16:43:18.249+09:00  INFO 21612 --- [    Test worker] com.zaxxer.hikari.HikariDataSource       : HikariPool-1 - Starting...
2023-07-31T16:43:18.402+09:00  INFO 21612 --- [    Test worker] com.zaxxer.hikari.pool.HikariPool        : HikariPool-1 - Added connection org.mariadb.jdbc.Connection@46b6701e
2023-07-31T16:43:18.404+09:00  INFO 21612 --- [    Test worker] com.zaxxer.hikari.HikariDataSource       : HikariPool-1 - Start completed.
2023-07-31T16:43:18.444+09:00  INFO 21612 --- [    Test worker] SQL dialect                              : HHH000400: Using dialect: org.hibernate.dialect.MariaDBDialect
Hibernate: 
    
    drop table if exists member
Hibernate: 
    
    create table member (
       id bigint not null auto_increment,
        email varchar(255) not null,
        password varchar(255) not null,
        primary key (id)
    ) engine=InnoDB
Hibernate: 
    
    alter table member 
       add constraint UK_mbmcqelty0fbrvxp1q58dn57t unique (email)
2023-07-31T16:43:19.136+09:00  INFO 21612 --- [    Test worker] o.h.e.t.j.p.i.JtaPlatformInitiator       : HHH000490: Using JtaPlatform implementation: [org.hibernate.engine.transaction.jta.platform.internal.NoJtaPlatform]
2023-07-31T16:43:19.142+09:00  INFO 21612 --- [    Test worker] j.LocalContainerEntityManagerFactoryBean : Initialized JPA EntityManagerFactory for persistence unit 'default'
2023-07-31T16:43:19.478+09:00  WARN 21612 --- [    Test worker] JpaBaseConfiguration$JpaWebConfiguration : spring.jpa.open-in-view is enabled by default. Therefore, database queries may be performed during view rendering. Explicitly configure spring.jpa.open-in-view to disable this warning
2023-07-31T16:43:19.616+09:00  INFO 21612 --- [    Test worker] o.s.s.web.DefaultSecurityFilterChain     : Will secure any request with [org.springframework.security.web.session.DisableEncodeUrlFilter@7bc6b117, org.springframework.security.web.context.request.async.WebAsyncManagerIntegrationFilter@2de07c57, org.springframework.security.web.context.SecurityContextHolderFilter@56820446, org.springframework.security.web.header.HeaderWriterFilter@44e0c3d, org.springframework.security.web.authentication.logout.LogoutFilter@7c50709a, org.springframework.security.web.authentication.UsernamePasswordAuthenticationFilter@18fa5af6, org.springframework.security.web.savedrequest.RequestCacheAwareFilter@1b82f62a, org.springframework.security.web.servletapi.SecurityContextHolderAwareRequestFilter@412440c1, org.springframework.security.web.authentication.AnonymousAuthenticationFilter@76cbee13, org.springframework.security.web.access.ExceptionTranslationFilter@4946dfde, org.springframework.security.web.access.intercept.AuthorizationFilter@2a2815cc]
2023-07-31T16:43:20.099+09:00  INFO 21612 --- [    Test worker] p.r.e.ExSpringBootApplicationTests       : Started ExSpringBootApplicationTests in 3.443 seconds (process running for 4.566)
]]></system-out>
  <system-err><![CDATA[]]></system-err>
</testsuite>
